<?xml version="1.0" encoding="UTF-8"?>
<!-- Generated by org.testng.reporters.JUnitXMLReporter -->
<testsuite hostname="DESKTOP-GB1E0DE" ignored="0" name="Test" tests="1" failures="1" timestamp="18 Apr 2023 07:32:02 GMT" time="48.349" errors="0">
  <testcase name="Testcase1" time="48.328" classname="org.Ailrline.AirBaltic">
    <failure type="java.lang.NullPointerException">
      <![CDATA[java.lang.NullPointerException
at org.openqa.selenium.support.pagefactory.DefaultElementLocator.findElement(DefaultElementLocator.java:69)
at org.openqa.selenium.support.pagefactory.internal.LocatingElementHandler.invoke(LocatingElementHandler.java:38)
at com.sun.proxy.$Proxy7.sendKeys(Unknown Source)
at org.base.Baseclass.Sendkeys(Baseclass.java:36)
at org.Ailrline.AirBaltic.Testcase1(AirBaltic.java:39)
... Removed 25 stack frames]]>
    </failure>
  </testcase> <!-- Testcase1 -->
</testsuite> <!-- Test -->
